生成启动时间为 2019/3/30 9:00:49。
     1>项目“D:\c++\c_code\MFC_项目\MedicAdmin_1\MedicAdmin_1\MedicAdmin_1.vcxproj”在节点 2 上(Build 个目标)。
     1>ClCompile:
         D:\Program Files (x86)\Microsoft Visual Studio 12.0\VC\bin\CL.exe /c /ZI /nologo /W3 /WX- /sdl /Od /Oy- /D WIN32 /D _WINDOWS /D _DEBUG /D _UNICODE /D UNICODE /D _AFXDLL /Gm /EHsc /RTC1 /MDd /GS /fp:precise /Zc:wchar_t /Zc:forScope /Yu"stdafx.h" /Fp"Debug\MedicAdmin_1.pch" /Fo"Debug\\" /Fd"Debug\vc120.pdb" /Gd /TP /analyze- /errorReport:prompt AddUserDlg.cpp
         AddUserDlg.cpp
       Link:
         D:\Program Files (x86)\Microsoft Visual Studio 12.0\VC\bin\link.exe /ERRORREPORT:PROMPT /OUT:"D:\c++\c_code\MFC_项目\MedicAdmin_1\Debug\MedicAdmin_1.exe" /INCREMENTAL /NOLOGO odbc32.lib /MANIFEST /MANIFESTUAC:"level='asInvoker' uiAccess='false'" /manifest:embed /manifestinput:"D:\Program Files (x86)\Microsoft Visual Studio 12.0\VC\Include\Manifest\dpiaware.manifest" /DEBUG /PDB:"D:\c++\c_code\MFC_项目\MedicAdmin_1\Debug\MedicAdmin_1.pdb" /SUBSYSTEM:WINDOWS /TLBID:1 /ENTRY:"wWinMainCRTStartup" /DYNAMICBASE /NXCOMPAT /IMPLIB:"D:\c++\c_code\MFC_项目\MedicAdmin_1\Debug\MedicAdmin_1.lib" /MACHINE:X86 Debug\MedicAdmin_1.res
         Debug\AddUserDlg.obj
         Debug\ChangePwd.obj
         Debug\LoginDlg.obj
         Debug\MainFrm.obj
         Debug\MedicAdmin_1.obj
         Debug\MedicAdmin_1Doc.obj
         Debug\MedicAdmin_1View.obj
         Debug\medicineSet.obj
         Debug\MedicListView.obj
         Debug\stdafx.obj
         Debug\UerTreeView.obj
         Debug\User.obj
         Debug\userSet.obj
         MedicAdmin_1.vcxproj -> D:\c++\c_code\MFC_项目\MedicAdmin_1\Debug\MedicAdmin_1.exe
     1>已完成生成项目“D:\c++\c_code\MFC_项目\MedicAdmin_1\MedicAdmin_1\MedicAdmin_1.vcxproj”(Build 个目标)的操作。

生成成功。

已用时间 00:00:01.12
